2017-10-16T18:38:22.554247+00:00 app[web.1]: /app/vendor/bundle/ruby/2.4.0/gems/railties-5.1.4/lib/rails/application.rb:518:in `build_request'
2017-10-16T18:38:22.554247+00:00 app[web.1]: /app/vendor/bundle/ruby/2.4.0/gems/railties-5.1.4/lib/rails/engine.rb:521:in `call'
2017-10-16T18:38:22.554254+00:00 app[web.1]: /app/vendor/bundle/ruby/2.4.0/gems/puma-3.10.0/lib/puma/thread_pool.rb:120:in `block in spawn_thread'
2017-10-16T18:45:43.802206+00:00 heroku[web.1]: Restarting
2017-10-16T18:45:43.802845+00:00 heroku[web.1]: State changed from up to starting
2017-10-16T18:45:44.372717+00:00 heroku[web.1]: Stopping all processes with SIGTERM
2017-10-16T18:45:44.382801+00:00 app[web.1]: [4] - Gracefully shutting down workers...
2017-10-16T18:45:44.454796+00:00 app[web.1]: bundler: failed to load command: puma (/app/vendor/bundle/ruby/2.4.0/bin/puma)
2017-10-16T18:45:44.454825+00:00 app[web.1]: SignalException: SIGTERM
2017-10-16T18:45:44.454827+00:00 app[web.1]:   /app/vendor/bundle/ruby/2.4.0/gems/puma-3.10.0/lib/puma/cluster.rb:381:in `block in setup_signals'
2017-10-16T18:45:44.454829+00:00 app[web.1]:   /app/vendor/bundle/ruby/2.4.0/gems/puma-3.10.0/lib/puma/cluster.rb:475:in `select'
2017-10-16T18:45:44.454830+00:00 app[web.1]:   /app/vendor/bundle/ruby/2.4.0/gems/puma-3.10.0/lib/puma/cluster.rb:475:in `run'
2017-10-16T18:45:44.454830+00:00 app[web.1]:   /app/vendor/bundle/ruby/2.4.0/gems/puma-3.10.0/lib/puma/launcher.rb:183:in `run'
2017-10-16T18:45:44.454831+00:00 app[web.1]:   /app/vendor/bundle/ruby/2.4.0/gems/puma-3.10.0/lib/puma/cli.rb:77:in `run'
2017-10-16T18:45:44.454831+00:00 app[web.1]:   /app/vendor/bundle/ruby/2.4.0/gems/puma-3.10.0/bin/puma:10:in `<top (required)>'
2017-10-16T18:45:44.454832+00:00 app[web.1]:   /app/vendor/bundle/ruby/2.4.0/bin/puma:23:in `load'
2017-10-16T18:45:44.454833+00:00 app[web.1]:   /app/vendor/bundle/ruby/2.4.0/bin/puma:23:in `<top (required)>'
2017-10-16T18:45:44.622990+00:00 heroku[web.1]: Process exited with status 1
2017-10-16T18:45:46.836656+00:00 heroku[web.1]: Starting process with command `bundle exec puma -C config/puma.rb`
2017-10-16T18:45:49.226411+00:00 app[web.1]: [4] Puma starting in cluster mode...
2017-10-16T18:45:49.226427+00:00 app[web.1]: [4] * Version 3.10.0 (ruby 2.4.2-p198), codename: Russell's Teapot
2017-10-16T18:45:49.226429+00:00 app[web.1]: [4] * Min threads: 5, max threads: 5
2017-10-16T18:45:49.226430+00:00 app[web.1]: [4] * Environment: production
2017-10-16T18:45:49.226446+00:00 app[web.1]: [4] * Process workers: 2
2017-10-16T18:45:49.226460+00:00 app[web.1]: [4] * Preloading application
2017-10-16T18:45:51.718702+00:00 app[web.1]: [4] * Listening on tcp://0.0.0.0:6299
2017-10-16T18:45:51.718900+00:00 app[web.1]: [4] Use Ctrl-C to stop
2017-10-16T18:45:51.723838+00:00 app[web.1]: [4] - Worker 0 (pid: 6) booted, phase: 0
2017-10-16T18:45:51.724795+00:00 app[web.1]: [4] - Worker 1 (pid: 10) booted, phase: 0
2017-10-16T18:45:52.187644+00:00 heroku[web.1]: State changed from starting to up
2017-10-16T18:45:53.587959+00:00 app[web.1]: Started GET "/" for 173.239.230.11 at 2017-10-16 18:45:53 +0000
2017-10-16T18:45:53.594724+00:00 app[web.1]: Processing by ProductsController#index as HTML
2017-10-16T18:45:53.612020+00:00 app[web.1]:   Rendering products/index.html.erb within layouts/application
2017-10-16T18:45:53.680650+00:00 app[web.1]:   [1m[36mProduct Load (1.5ms)[0m  [1m[34mSELECT "products".* FROM "products" ORDER BY "products"."created_at" DESC[0m
2017-10-16T18:45:53.681742+00:00 app[web.1]:   Rendered products/index.html.erb within layouts/application (68.9ms)
2017-10-16T18:45:53.682188+00:00 app[web.1]: Completed 500 Internal Server Error in 81ms (ActiveRecord: 37.7ms)
2017-10-16T18:45:53.684390+00:00 app[web.1]:   
2017-10-16T18:45:53.684453+00:00 app[web.1]: ActionView::Template::Error (PG::UndefinedTable: ERROR:  relation "products" does not exist
2017-10-16T18:45:53.684454+00:00 app[web.1]: LINE 1: SELECT "products".* FROM "products" ORDER BY "products"."cre...
2017-10-16T18:45:53.684455+00:00 app[web.1]:                                  ^
2017-10-16T18:45:53.684456+00:00 app[web.1]: : SELECT "products".* FROM "products" ORDER BY "products"."created_at" DESC):
2017-10-16T18:45:53.684766+00:00 app[web.1]:      5:   </header>
2017-10-16T18:45:53.684767+00:00 app[web.1]:      6: 
2017-10-16T18:45:53.684768+00:00 app[web.1]:      7:   <div class="products">
2017-10-16T18:45:53.684769+00:00 app[web.1]:      8:     <%= render @products %>
2017-10-16T18:45:53.684769+00:00 app[web.1]:      9:   </div>
2017-10-16T18:45:53.684770+00:00 app[web.1]:     10: 
2017-10-16T18:45:53.684770+00:00 app[web.1]:     11: </section>
2017-10-16T18:45:53.684798+00:00 app[web.1]:   
2017-10-16T18:45:53.684847+00:00 app[web.1]: app/views/products/index.html.erb:8:in `_app_views_products_index_html_erb___1647597477297844001_44752400'
2017-10-16T18:45:53.697028+00:00 heroku[router]: at=info method=GET path="/" host=enigmatic-hamlet-62330.herokuapp.com request_id=929e9586-1a98-4f49-b6f1-339cbc6c7d16 fwd="173.239.230.11" dyno=web.1 connect=12ms service=151ms status=500 bytes=1669 protocol=https
2017-10-16T18:45:54.127062+00:00 heroku[router]: at=info method=GET path="/favicon.ico" host=enigmatic-hamlet-62330.herokuapp.com request_id=0e4fae6e-bd67-428f-bcab-5e8b024ae331 fwd="173.239.230.11" dyno=web.1 connect=1ms service=3ms status=200 bytes=143 protocol=https
2017-10-16T18:52:46.540044+00:00 heroku[web.1]: Restarting
2017-10-16T18:52:46.540695+00:00 heroku[web.1]: State changed from up to starting
2017-10-16T18:52:47.266230+00:00 heroku[web.1]: Stopping all processes with SIGTERM
2017-10-16T18:52:47.278348+00:00 app[web.1]: [4] - Gracefully shutting down workers...
2017-10-16T18:52:47.328583+00:00 app[web.1]: bundler: failed to load command: puma (/app/vendor/bundle/ruby/2.4.0/bin/puma)
2017-10-16T18:52:47.328609+00:00 app[web.1]: SignalException: SIGTERM
2017-10-16T18:52:47.328611+00:00 app[web.1]:   /app/vendor/bundle/ruby/2.4.0/gems/puma-3.10.0/lib/puma/cluster.rb:381:in `block in setup_signals'
2017-10-16T18:52:47.328615+00:00 app[web.1]:   /app/vendor/bundle/ruby/2.4.0/gems/puma-3.10.0/lib/puma/cluster.rb:475:in `run'
2017-10-16T18:52:47.328616+00:00 app[web.1]:   /app/vendor/bundle/ruby/2.4.0/gems/puma-3.10.0/lib/puma/launcher.rb:183:in `run'
2017-10-16T18:52:47.328615+00:00 app[web.1]:   /app/vendor/bundle/ruby/2.4.0/gems/puma-3.10.0/lib/puma/cluster.rb:475:in `select'
2017-10-16T18:52:47.328617+00:00 app[web.1]:   /app/vendor/bundle/ruby/2.4.0/gems/puma-3.10.0/lib/puma/cli.rb:77:in `run'
2017-10-16T18:52:47.328617+00:00 app[web.1]:   /app/vendor/bundle/ruby/2.4.0/gems/puma-3.10.0/bin/puma:10:in `<top (required)>'
2017-10-16T18:52:47.328618+00:00 app[web.1]:   /app/vendor/bundle/ruby/2.4.0/bin/puma:23:in `load'
2017-10-16T18:52:47.328619+00:00 app[web.1]:   /app/vendor/bundle/ruby/2.4.0/bin/puma:23:in `<top (required)>'
2017-10-16T18:52:47.516047+00:00 heroku[web.1]: Process exited with status 1
2017-10-16T18:52:50.266393+00:00 heroku[web.1]: Starting process with command `bundle exec puma -C config/puma.rb`
2017-10-16T18:52:53.354155+00:00 app[web.1]: [4] Puma starting in cluster mode...
2017-10-16T18:52:53.354173+00:00 app[web.1]: [4] * Version 3.10.0 (ruby 2.4.2-p198), codename: Russell's Teapot
2017-10-16T18:52:53.354174+00:00 app[web.1]: [4] * Min threads: 5, max threads: 5
2017-10-16T18:52:53.354175+00:00 app[web.1]: [4] * Environment: production
2017-10-16T18:52:53.354209+00:00 app[web.1]: [4] * Process workers: 2
2017-10-16T18:52:53.354212+00:00 app[web.1]: [4] * Preloading application
2017-10-16T18:52:56.458086+00:00 app[web.1]: [4] * Listening on tcp://0.0.0.0:50827
2017-10-16T18:52:56.458296+00:00 app[web.1]: [4] Use Ctrl-C to stop
2017-10-16T18:52:56.465170+00:00 app[web.1]: [4] - Worker 0 (pid: 6) booted, phase: 0
2017-10-16T18:52:56.465482+00:00 app[web.1]: [4] - Worker 1 (pid: 10) booted, phase: 0
2017-10-16T18:52:56.689151+00:00 heroku[web.1]: State changed from starting to up
2017-10-16T18:52:58.429886+00:00 heroku[router]: at=info method=GET path="/" host=enigmatic-hamlet-62330.herokuapp.com request_id=fc20e5b1-cecc-4b64-9005-c93f02769f4b fwd="173.239.230.11" dyno=web.1 connect=0ms service=130ms status=500 bytes=1669 protocol=https
2017-10-16T18:52:58.330098+00:00 app[web.1]: Started GET "/" for 173.239.230.11 at 2017-10-16 18:52:58 +0000
2017-10-16T18:52:58.350878+00:00 app[web.1]: Processing by ProductsController#index as HTML
2017-10-16T18:52:58.368232+00:00 app[web.1]:   Rendering products/index.html.erb within layouts/application
2017-10-16T18:52:58.419845+00:00 app[web.1]:   [1m[36mProduct Load (1.4ms)[0m  [1m[34mSELECT "products".* FROM "products" ORDER BY "products"."created_at" DESC[0m
2017-10-16T18:52:58.420763+00:00 app[web.1]:   Rendered products/index.html.erb within layouts/application (52.4ms)
2017-10-16T18:52:58.421269+00:00 app[web.1]: Completed 500 Internal Server Error in 69ms (ActiveRecord: 12.0ms)
2017-10-16T18:52:58.423944+00:00 app[web.1]:   
2017-10-16T18:52:58.423990+00:00 app[web.1]: ActionView::Template::Error (PG::UndefinedTable: ERROR:  relation "products" does not exist
2017-10-16T18:52:58.423992+00:00 app[web.1]: LINE 1: SELECT "products".* FROM "products" ORDER BY "products"."cre...
2017-10-16T18:52:58.423993+00:00 app[web.1]:                                  ^
2017-10-16T18:52:58.423994+00:00 app[web.1]: : SELECT "products".* FROM "products" ORDER BY "products"."created_at" DESC):
2017-10-16T18:52:58.424236+00:00 app[web.1]:      5:   </header>
2017-10-16T18:52:58.424238+00:00 app[web.1]:      6: 
2017-10-16T18:52:58.424239+00:00 app[web.1]:      7:   <div class="products">
2017-10-16T18:52:58.424239+00:00 app[web.1]:      8:     <%= render @products %>
2017-10-16T18:52:58.424240+00:00 app[web.1]:      9:   </div>
2017-10-16T18:52:58.424241+00:00 app[web.1]:     10: 
2017-10-16T18:52:58.424241+00:00 app[web.1]:     11: </section>
2017-10-16T18:52:58.424244+00:00 app[web.1]:   
2017-10-16T18:52:58.424263+00:00 app[web.1]: app/views/products/index.html.erb:8:in `_app_views_products_index_html_erb___2487523146985586463_47037500'
2017-10-16T18:52:58.658086+00:00 heroku[router]: at=info method=GET path="/favicon.ico" host=enigmatic-hamlet-62330.herokuapp.com request_id=a0992851-d8ec-4411-9f9b-c0ea0569af1c fwd="173.239.230.11" dyno=web.1 connect=0ms service=2ms status=304 bytes=48 protocol=https
